[2026-01-09 13:40:59] [INFO] [ServicioIniciado] Servicio PLC Worker iniciado correctamente
[2026-01-09 13:40:59] [ERROR] [ErrorCritico] Error crítico: Error al cargar la configuración: The JSON value could not be converted to PLCServicio.Configuracion.MapeoDato. Path: $.MapeosDatos._comentario | LineNumber: 52 | BytePositionInLine: 84.
[2026-01-09 13:40:59] [INFO] [ServicioDetenido] Servicio PLC detenido correctamente
[2026-01-09 13:41:32] [INFO] [ServicioIniciado] Servicio PLC Worker iniciado correctamente
[2026-01-09 13:41:32] [ERROR] [ErrorCritico] Error crítico: Error al cargar la configuración: The JSON value could not be converted to PLCServicio.Configuracion.MapeoDato. Path: $.MapeosDatos._comentario | LineNumber: 52 | BytePositionInLine: 84.
[2026-01-09 13:41:32] [INFO] [ServicioDetenido] Servicio PLC detenido correctamente
[2026-01-09 13:43:15] [INFO] [ServicioIniciado] Servicio PLC Worker iniciado correctamente
[2026-01-09 13:43:15] [ERROR] [BaseDatosError] BD Local no disponible: Login failed for user 'nerdwestNBK2\Hernan.Y'.
[2026-01-09 13:43:21] [WARN] [PlcDesconectado] [PLC:1] Error al conectar: Timeout al conectar con PLC1_Extrusora
[2026-01-09 13:43:21] [WARN] [PlcDesconectado] [PLC:1] PLC1_Extrusora desconectado
[2026-01-09 13:43:21] [WARN] [PlcDesconectado] [PLC:2] Error al conectar: Timeout al conectar con PLC2_Extrusora
[2026-01-09 13:43:21] [WARN] [PlcDesconectado] [PLC:2] PLC2_Extrusora desconectado
[2026-01-09 13:43:36] [WARN] [PlcDesconectado] [PLC:1] Error al conectar: Timeout al conectar con PLC1_Extrusora
[2026-01-09 13:43:36] [WARN] [PlcDesconectado] [PLC:1] PLC1_Extrusora desconectado
[2026-01-09 13:43:36] [WARN] [PlcDesconectado] [PLC:2] Error al conectar: Timeout al conectar con PLC2_Extrusora
[2026-01-09 13:43:36] [WARN] [PlcDesconectado] [PLC:2] PLC2_Extrusora desconectado
[2026-01-09 13:43:37] [WARN] [PlcDesconectado] [PLC:1] PLC1_Extrusora desconectado
[2026-01-09 13:43:37] [WARN] [PlcDesconectado] [PLC:2] PLC2_Extrusora desconectado
[2026-01-09 13:43:37] [INFO] [ServicioDetenido] Servicio PLC detenido correctamente
[2026-01-09 13:45:19] [INFO] [ServicioIniciado] Servicio PLC Worker iniciado correctamente
[2026-01-09 13:45:19] [ERROR] [BaseDatosError] BD Local no disponible: Login failed for user 'nerdwestNBK2\Hernan.Y'.
[2026-01-09 13:45:19] [INFO] [PlcConectado] [PLC:2] Extrusora 2 conectado exitosamente
[2026-01-09 13:45:24] [WARN] [PlcDesconectado] [PLC:1] Error al conectar: Timeout al conectar con Extrusora 1
[2026-01-09 13:45:24] [WARN] [PlcDesconectado] [PLC:1] Extrusora 1 desconectado
[2026-01-09 13:45:39] [WARN] [PlcDesconectado] [PLC:1] Error al conectar: Timeout al conectar con Extrusora 1
[2026-01-09 13:45:39] [WARN] [PlcDesconectado] [PLC:1] Extrusora 1 desconectado
[2026-01-09 13:45:54] [WARN] [PlcDesconectado] [PLC:1] Error al conectar: Timeout al conectar con Extrusora 1
[2026-01-09 13:45:54] [WARN] [PlcDesconectado] [PLC:1] Extrusora 1 desconectado
[2026-01-09 13:45:54] [ERROR] [BaseDatosError] BD Local no disponible: Login failed for user 'nerdwestNBK2\Hernan.Y'.
[2026-01-09 13:46:48] [WARN] [PlcDesconectado] [PLC:1] Extrusora 1 desconectado
[2026-01-09 13:46:48] [WARN] [PlcDesconectado] [PLC:2] Extrusora 2 desconectado
[2026-01-09 13:46:48] [INFO] [ServicioDetenido] Servicio PLC detenido correctamente
[2026-01-09 14:21:21] [INFO] [ServicioIniciado] Servicio PLC Worker iniciado correctamente
[2026-01-09 14:21:22] [ERROR] [BaseDatosError] BD Local no disponible: Login failed for user 'nerdwestNBK2\Hernan.Y'.
[2026-01-09 14:21:22] [INFO] [PlcConectado] [PLC:2] Extrusora 2 conectado exitosamente
[2026-01-09 14:21:27] [WARN] [PlcDesconectado] [PLC:1] Error al conectar: Timeout al conectar con Extrusora 1
[2026-01-09 14:21:27] [WARN] [PlcDesconectado] [PLC:1] Extrusora 1 desconectado
[2026-01-09 14:21:42] [WARN] [PlcDesconectado] [PLC:1] Error al conectar: Timeout al conectar con Extrusora 1
[2026-01-09 14:21:42] [WARN] [PlcDesconectado] [PLC:1] Extrusora 1 desconectado
[2026-01-09 14:21:57] [WARN] [PlcDesconectado] [PLC:1] Error al conectar: Timeout al conectar con Extrusora 1
[2026-01-09 14:21:57] [WARN] [PlcDesconectado] [PLC:1] Extrusora 1 desconectado
[2026-01-09 14:21:57] [ERROR] [BaseDatosError] BD Local no disponible: Login failed for user 'nerdwestNBK2\Hernan.Y'.
[2026-01-09 14:22:14] [WARN] [PlcDesconectado] [PLC:1] Extrusora 1 desconectado
[2026-01-09 14:22:14] [WARN] [PlcDesconectado] [PLC:2] Extrusora 2 desconectado
[2026-01-09 14:22:14] [INFO] [ServicioDetenido] Servicio PLC detenido correctamente
[2026-01-09 14:32:38] [INFO] [ServicioIniciado] Servicio PLC Worker iniciado correctamente
[2026-01-09 14:32:38] [ERROR] [BaseDatosError] BD Local no disponible: Login failed for user 'nerdwestNBK2\Hernan.Y'.
[2026-01-09 14:32:38] [INFO] [PlcConectado] [PLC:2] Extrusora 2 conectado exitosamente
[2026-01-09 14:32:43] [WARN] [PlcDesconectado] [PLC:1] Error al conectar: Timeout al conectar con Extrusora 1
[2026-01-09 14:32:43] [WARN] [PlcDesconectado] [PLC:1] Extrusora 1 desconectado
[2026-01-09 14:32:58] [WARN] [PlcDesconectado] [PLC:1] Error al conectar: Timeout al conectar con Extrusora 1
[2026-01-09 14:32:58] [WARN] [PlcDesconectado] [PLC:1] Extrusora 1 desconectado
[2026-01-09 14:33:13] [WARN] [PlcDesconectado] [PLC:1] Error al conectar: Timeout al conectar con Extrusora 1
[2026-01-09 14:33:13] [WARN] [PlcDesconectado] [PLC:1] Extrusora 1 desconectado
[2026-01-09 14:33:13] [ERROR] [BaseDatosError] BD Local no disponible: Login failed for user 'nerdwestNBK2\Hernan.Y'.
[2026-01-09 14:33:36] [WARN] [PlcDesconectado] [PLC:1] Extrusora 1 desconectado
[2026-01-09 14:33:36] [WARN] [PlcDesconectado] [PLC:2] Extrusora 2 desconectado
[2026-01-09 14:33:36] [INFO] [ServicioDetenido] Servicio PLC detenido correctamente
[2026-01-09 15:29:40] [INFO] [ServicioIniciado] Servicio PLC Worker iniciado correctamente
[2026-01-09 15:29:41] [ERROR] [BaseDatosError] BD Local no disponible: Login failed for user 'nerdwestNBK2\Hernan.Y'.
[2026-01-09 15:29:41] [INFO] [PlcConectado] [PLC:2] Extrusora 2 conectado exitosamente
[2026-01-09 15:29:46] [WARN] [PlcDesconectado] [PLC:1] Error al conectar: Timeout al conectar con Extrusora 1
[2026-01-09 15:29:46] [WARN] [PlcDesconectado] [PLC:1] Extrusora 1 desconectado
[2026-01-09 15:30:01] [WARN] [PlcDesconectado] [PLC:1] Error al conectar: Timeout al conectar con Extrusora 1
[2026-01-09 15:30:01] [WARN] [PlcDesconectado] [PLC:1] Extrusora 1 desconectado
[2026-01-09 15:30:16] [WARN] [PlcDesconectado] [PLC:1] Error al conectar: Timeout al conectar con Extrusora 1
[2026-01-09 15:30:16] [WARN] [PlcDesconectado] [PLC:1] Extrusora 1 desconectado
[2026-01-09 15:30:16] [ERROR] [PlcSinRespuesta] [PLC:2] Error en lectura: Object reference not set to an instance of an object.
[2026-01-09 15:30:21] [ERROR] [PlcSinRespuesta] [PLC:2] Error en lectura: Object reference not set to an instance of an object.
[2026-01-09 15:30:26] [ERROR] [PlcSinRespuesta] [PLC:2] Error en lectura: Object reference not set to an instance of an object.
[2026-01-09 15:30:31] [ERROR] [PlcSinRespuesta] [PLC:2] Error en lectura: Object reference not set to an instance of an object.
[2026-01-09 15:30:36] [ERROR] [PlcSinRespuesta] [PLC:2] Error en lectura: Object reference not set to an instance of an object.
[2026-01-09 15:30:41] [ERROR] [PlcSinRespuesta] [PLC:2] Error en lectura: Object reference not set to an instance of an object.
[2026-01-09 15:30:46] [ERROR] [PlcSinRespuesta] [PLC:2] Error en lectura: Object reference not set to an instance of an object.
[2026-01-09 15:30:51] [ERROR] [PlcSinRespuesta] [PLC:2] Error en lectura: Object reference not set to an instance of an object.
[2026-01-09 15:30:56] [ERROR] [PlcSinRespuesta] [PLC:2] Error en lectura: Object reference not set to an instance of an object.
[2026-01-09 15:31:01] [ERROR] [PlcSinRespuesta] [PLC:2] Error en lectura: Object reference not set to an instance of an object.
[2026-01-09 15:31:06] [ERROR] [PlcSinRespuesta] [PLC:2] Error en lectura: Object reference not set to an instance of an object.
[2026-01-09 15:31:12] [ERROR] [PlcSinRespuesta] [PLC:2] Error en lectura: Object reference not set to an instance of an object.
[2026-01-09 15:31:17] [ERROR] [PlcSinRespuesta] [PLC:2] Error en lectura: Object reference not set to an instance of an object.
[2026-01-09 15:31:19] [WARN] [PlcDesconectado] [PLC:1] Extrusora 1 desconectado
[2026-01-09 15:31:19] [WARN] [PlcDesconectado] [PLC:2] Extrusora 2 desconectado
[2026-01-09 15:31:19] [INFO] [ServicioDetenido] Servicio PLC detenido correctamente
[2026-01-09 15:31:41] [INFO] [ServicioIniciado] Servicio PLC Worker iniciado correctamente
[2026-01-09 15:31:41] [ERROR] [BaseDatosError] BD Local no disponible: Login failed for user 'nerdwestNBK2\Hernan.Y'.
[2026-01-09 15:31:41] [INFO] [PlcConectado] [PLC:2] Extrusora 2 conectado exitosamente
[2026-01-09 15:31:42] [ERROR] [PlcSinRespuesta] [PLC:2] Error en lectura: Object reference not set to an instance of an object.
[2026-01-09 15:31:47] [ERROR] [PlcSinRespuesta] [PLC:2] Error en lectura: Object reference not set to an instance of an object.
[2026-01-09 15:31:52] [ERROR] [PlcSinRespuesta] [PLC:2] Error en lectura: Object reference not set to an instance of an object.
[2026-01-09 15:31:56] [WARN] [PlcDesconectado] [PLC:2] Extrusora 2 desconectado
[2026-01-09 15:31:56] [INFO] [ServicioDetenido] Servicio PLC detenido correctamente
[2026-01-09 15:35:40] [INFO] [ServicioIniciado] Servicio PLC Worker iniciado correctamente
[2026-01-09 15:35:40] [ERROR] [BaseDatosError] BD Local no disponible: Login failed for user 'nerdwestNBK2\Hernan.Y'.
[2026-01-09 15:35:40] [INFO] [PlcConectado] [PLC:2] Extrusora 2 conectado exitosamente
[2026-01-09 15:35:40] [ERROR] [PlcSinRespuesta] [PLC:2] Error en lectura: Object reference not set to an instance of an object.
[2026-01-09 15:35:45] [ERROR] [PlcSinRespuesta] [PLC:2] Error en lectura: Object reference not set to an instance of an object.
[2026-01-09 15:35:47] [WARN] [PlcDesconectado] [PLC:2] Extrusora 2 desconectado
[2026-01-09 15:35:47] [INFO] [ServicioDetenido] Servicio PLC detenido correctamente
[2026-01-09 15:40:12] [INFO] [ServicioIniciado] Servicio PLC Worker iniciado correctamente
[2026-01-09 15:40:12] [ERROR] [BaseDatosError] BD Local no disponible: Login failed for user 'nerdwestNBK2\Hernan.Y'.
[2026-01-09 15:40:12] [INFO] [PlcConectado] [PLC:2] Extrusora 2 conectado exitosamente
[2026-01-09 15:40:12] [ERROR] [BaseDatosError] BD Local no disponible: Login failed for user 'nerdwestNBK2\Hernan.Y'.
[2026-01-09 15:40:29] [WARN] [PlcDesconectado] [PLC:2] Extrusora 2 desconectado
[2026-01-09 15:40:29] [INFO] [ServicioDetenido] Servicio PLC detenido correctamente
[2026-01-09 15:42:15] [INFO] [ServicioIniciado] Servicio PLC Worker iniciado correctamente
[2026-01-09 15:42:15] [ERROR] [BaseDatosError] BD Local no disponible: Login failed for user 'nerdwestNBK2\Hernan.Y'.
[2026-01-09 15:42:15] [INFO] [PlcConectado] [PLC:2] Extrusora 2 conectado exitosamente
[2026-01-09 15:42:16] [ERROR] [BaseDatosError] BD Local no disponible: Login failed for user 'nerdwestNBK2\Hernan.Y'.
[2026-01-09 15:42:26] [WARN] [PlcDesconectado] [PLC:2] Extrusora 2 desconectado
[2026-01-09 15:42:27] [INFO] [ServicioDetenido] Servicio PLC detenido correctamente
[2026-01-09 15:45:20] [INFO] [ServicioIniciado] Servicio PLC Worker iniciado correctamente
[2026-01-09 15:45:20] [ERROR] [BaseDatosError] BD Local no disponible: Login failed for user 'nerdwestNBK2\Hernan.Y'.
[2026-01-09 15:45:20] [INFO] [PlcConectado] [PLC:2] Extrusora 2 conectado exitosamente
[2026-01-09 15:45:20] [ERROR] [BaseDatosError] BD Local no disponible: Login failed for user 'nerdwestNBK2\Hernan.Y'.
[2026-01-09 15:45:29] [WARN] [PlcDesconectado] [PLC:2] Extrusora 2 desconectado
[2026-01-09 15:45:29] [INFO] [ServicioDetenido] Servicio PLC detenido correctamente
[2026-01-09 16:09:03] [INFO] [ServicioIniciado] Servicio PLC Worker iniciado correctamente
[2026-01-09 16:09:03] [ERROR] [BaseDatosError] BD Local no disponible: Login failed for user 'nerdwestNBK2\Hernan.Y'.
[2026-01-09 16:09:03] [INFO] [PlcConectado] [PLC:2] Extrusora 2 conectado exitosamente
[2026-01-09 16:09:07] [ERROR] [BaseDatosError] BD Local no disponible: Login failed for user 'nerdwestNBK2\Hernan.Y'.
[2026-01-09 16:10:01] [WARN] [PlcDesconectado] [PLC:2] Extrusora 2 desconectado
[2026-01-09 16:10:01] [INFO] [ServicioDetenido] Servicio PLC detenido correctamente
